* using log directory ‘/Users/sjobergd/Documents/GitHub/cards/revdep/checks.noindex/gtsummary/new/gtsummary.Rcheck’
* using R version 4.4.2 (2024-10-31)
* using platform: aarch64-apple-darwin20
* R was compiled by
    Apple clang version 14.0.0 (clang-1400.0.29.202)
    GNU Fortran (GCC) 12.2.0
* running under: macOS Ventura 13.6.9
* using session charset: UTF-8
* using options ‘--no-manual --no-build-vignettes’
* checking for file ‘gtsummary/DESCRIPTION’ ... OK
* this is package ‘gtsummary’ version ‘2.1.0’
* package encoding: UTF-8
* checking package namespace information ... OK
* checking package dependencies ... OK
* checking if this is a source package ... OK
* checking if there is a namespace ... OK
* checking for executable files ... OK
* checking for hidden files and directories ... OK
* checking for portable file names ... OK
* checking for sufficient/correct file permissions ... OK
* checking whether package ‘gtsummary’ can be installed ... OK
* checking installed package size ... OK
* checking package directory ... OK
* checking ‘build’ directory ... OK
* checking DESCRIPTION meta-information ... OK
* checking top-level files ... OK
* checking for left-over files ... OK
* checking index information ... OK
* checking package subdirectories ... OK
* checking code files for non-ASCII characters ... OK
* checking R files for syntax errors ... OK
* checking whether the package can be loaded ... OK
* checking whether the package can be loaded with stated dependencies ... OK
* checking whether the package can be unloaded cleanly ... OK
* checking whether the namespace can be loaded with stated dependencies ... OK
* checking whether the namespace can be unloaded cleanly ... OK
* checking loading without being on the library search path ... OK
* checking whether startup messages can be suppressed ... OK
* checking dependencies in R code ... OK
* checking S3 generic/method consistency ... OK
* checking replacement functions ... OK
* checking foreign function calls ... OK
* checking R code for possible problems ... OK
* checking Rd files ... OK
* checking Rd metadata ... OK
* checking Rd cross-references ... OK
* checking for missing documentation entries ... OK
* checking for code/documentation mismatches ... OK
* checking Rd \usage sections ... OK
* checking Rd contents ... OK
* checking for unstated dependencies in examples ... OK
* checking contents of ‘data’ directory ... OK
* checking data for non-ASCII characters ... OK
* checking LazyData ... OK
* checking data for ASCII and uncompressed saves ... OK
* checking R/sysdata.rda ... OK
* checking installed files from ‘inst/doc’ ... OK
* checking files in ‘vignettes’ ... OK
* checking examples ... ERROR
Running examples in ‘gtsummary-Ex.R’ failed
The error most likely occurred in:

> ### Name: tbl_strata_nested_stack
> ### Title: Stratified Nested Stacking
> ### Aliases: tbl_strata_nested_stack
> 
> ### ** Examples
> 
> # Example 1 ----------------------------------
> tbl_strata_nested_stack(
+   trial,
+   strata = trt,
+   .tbl_fun = ~ .x |>
+     tbl_summary(include = c(age, grade), missing = "no") |>
+     modify_header(all_stat_cols() ~ "**Summary Statistics**")
+ )
Error in `tbl_strata_nested_stack()`:
! The `x` argument must be class <card>, not a tibble.
Backtrace:
     ▆
  1. └─gtsummary::tbl_strata_nested_stack(...)
  2.   ├─rlang::set_names(...)
  3.   └─gtsummary:::map(...)
  4.     └─base::lapply(.x, .f, ...)
  5.       └─gtsummary (local) FUN(X[[i]], ...)
  6.         ├─dplyr::select(...)
  7.         └─cards::rename_ard_columns(...)
  8.           └─cards:::check_class(x, "card")
  9.             └─cli::cli_abort(...)
 10.               └─rlang::abort(...)
Execution halted
* checking for unstated dependencies in ‘tests’ ... OK
* checking tests ...